Using pre-set license
Built from '2020.3/release' branch; Version is '2020.3.27f1 (e759542391ea) revision 15161684'; Using compiler version '192528614'; Build Type 'Release'
OS: 'Windows 10  (10.0.19043) 64bit Core' Language: 'en' Physical Memory: 7539 MB
BatchMode: 1, IsHumanControllingUs: 0, StartBugReporterOnCrash: 0, Is64bit: 1, IsPro: 0

COMMAND LINE ARGUMENTS:
C:\Program Files\Unity\Hub\Editor\2020.3.27f1\Editor\Unity.exe
-adb2
-batchMode
-noUpm
-name
AssetImportWorker0
-projectPath
C:/Users/percy/Documents/unity/30_day_video_game/Hoarders
-logFile
Logs/AssetImportWorker0.log
-srvPort
61278
Successfully changed project path to: C:/Users/percy/Documents/unity/30_day_video_game/Hoarders
C:/Users/percy/Documents/unity/30_day_video_game/Hoarders
Using Asset Import Pipeline V2.
Refreshing native plugins compatible for Editor in 41.89 ms, found 3 plugins.
Preloading 0 native plugins for Editor in 0.00 ms.
Initialize engine version: 2020.3.27f1 (e759542391ea)
[Subsystems] Discovering subsystems at path C:/Program Files/Unity/Hub/Editor/2020.3.27f1/Editor/Data/Resources/UnitySubsystems
[Subsystems] Discovering subsystems at path C:/Users/percy/Documents/unity/30_day_video_game/Hoarders/Assets
GfxDevice: creating device client; threaded=0
Direct3D:
    Version:  Direct3D 11.0 [level 11.1]
    Renderer: NVIDIA GeForce GTX 1660 Ti (ID=0x2191)
    Vendor:   
    VRAM:     5991 MB
    Driver:   30.0.15.1165
Initialize mono
Mono path[0] = 'C:/Program Files/Unity/Hub/Editor/2020.3.27f1/Editor/Data/Managed'
Mono path[1] = 'C:/Program Files/Unity/Hub/Editor/2020.3.27f1/Editor/Data/MonoBleedingEdge/lib/mono/unityjit'
Mono config path = 'C:/Program Files/Unity/Hub/Editor/2020.3.27f1/Editor/Data/MonoBleedingEdge/etc'
Using monoOptions --debugger-agent=transport=dt_socket,embedding=1,server=y,suspend=n,address=127.0.0.1:56380
Begin MonoManager ReloadAssembly
Registering precompiled unity dll's ...
Register platform support module: C:/Program Files/Unity/Hub/Editor/2020.3.27f1/Editor/Data/PlaybackEngines/WindowsStandaloneSupport/UnityEditor.WindowsStandalone.Extensions.dll
Registered in 0.002148 seconds.
Native extension for WindowsStandalone target not found
Refreshing native plugins compatible for Editor in 41.54 ms, found 3 plugins.
Preloading 0 native plugins for Editor in 0.00 ms.
Mono: successfully reloaded assembly
- Completed reload, in  0.564 seconds
Domain Reload Profiling:
	ReloadAssembly (564ms)
		BeginReloadAssembly (63ms)
			ExecutionOrderSort (0ms)
			DisableScriptedObjects (0ms)
			BackupInstance (0ms)
			ReleaseScriptingObjects (0ms)
			CreateAndSetChildDomain (1ms)
		EndReloadAssembly (429ms)
			LoadAssemblies (61ms)
			RebuildTransferFunctionScriptingTraits (0ms)
			SetupTypeCache (133ms)
			ReleaseScriptCaches (0ms)
			RebuildScriptCaches (30ms)
			SetupLoadedEditorAssemblies (167ms)
				LogAssemblyErrors (0ms)
				InitializePlatformSupportModulesInManaged (5ms)
				SetLoadedEditorAssemblies (0ms)
				RefreshPlugins (42ms)
				BeforeProcessingInitializeOnLoad (16ms)
				ProcessInitializeOnLoadAttributes (78ms)
				ProcessInitializeOnLoadMethodAttributes (27ms)
				AfterProcessingInitializeOnLoad (0ms)
				EditorAssembliesLoaded (0ms)
			ExecutionOrderSort2 (0ms)
			AwakeInstancesAfterBackupRestoration (0ms)
Platform modules already initialized, skipping
Registering precompiled user dll's ...
Registered in 0.005743 seconds.
Begin MonoManager ReloadAssembly
Native extension for WindowsStandalone target not found
Refreshing native plugins compatible for Editor in 40.70 ms, found 3 plugins.
Preloading 0 native plugins for Editor in 0.00 ms.
Mono: successfully reloaded assembly
- Completed reload, in  1.037 seconds
Domain Reload Profiling:
	ReloadAssembly (1038ms)
		BeginReloadAssembly (139ms)
			ExecutionOrderSort (0ms)
			DisableScriptedObjects (4ms)
			BackupInstance (0ms)
			ReleaseScriptingObjects (0ms)
			CreateAndSetChildDomain (20ms)
		EndReloadAssembly (842ms)
			LoadAssemblies (104ms)
			RebuildTransferFunctionScriptingTraits (0ms)
			SetupTypeCache (267ms)
			ReleaseScriptCaches (0ms)
			RebuildScriptCaches (44ms)
			SetupLoadedEditorAssemblies (317ms)
				LogAssemblyErrors (0ms)
				InitializePlatformSupportModulesInManaged (3ms)
				SetLoadedEditorAssemblies (0ms)
				RefreshPlugins (41ms)
				BeforeProcessingInitializeOnLoad (80ms)
				ProcessInitializeOnLoadAttributes (169ms)
				ProcessInitializeOnLoadMethodAttributes (17ms)
				AfterProcessingInitializeOnLoad (7ms)
				EditorAssembliesLoaded (0ms)
			ExecutionOrderSort2 (0ms)
			AwakeInstancesAfterBackupRestoration (5ms)
Platform modules already initialized, skipping
========================================================================
Worker process is ready to serve import requests
Launched and connected shader compiler UnityShaderCompiler.exe after 0.07 seconds
Refreshing native plugins compatible for Editor in 0.49 ms, found 3 plugins.
Preloading 0 native plugins for Editor in 0.00 ms.
Unloading 2198 Unused Serialized files (Serialized files now loaded: 0)
System memory in use before: 95.9 MB.
System memory in use after: 96.0 MB.

Unloading 28 unused Assets to reduce memory usage. Loaded Objects now: 2632.
Total: 4.159900 ms (FindLiveObjects: 0.253000 ms CreateObjectMapping: 0.140900 ms MarkObjects: 3.683300 ms  DeleteObjects: 0.080900 ms)

AssetImportParameters requested are different than current active one (requested -> active):
  custom:framework-win-MediaFoundation: 216162199b28c13a410421893ffa2e32 -> 
  custom:video-decoder-ogg-theora: a1e56fd34408186e4bbccfd4996cb3dc -> 
  custom:container-muxer-webm: aa71ff27fc2769a1b78a27578f13a17b -> 
  custom:container-demuxer-webm: 4f35f7cbe854078d1ac9338744f61a02 -> 
  custom:container-demuxer-ogg: 62fdf1f143b41e24485cea50d1cbac27 -> 
  custom:video-encoder-webm-vp8: eb34c28f22e8b96e1ab97ce403110664 -> 
  custom:video-codec-MediaFoundation-h265: 746d11721c4dcdbdad8f713fa42b33f4 -> 
  custom:video-decoder-webm-vp8: 9c59270c3fd7afecdb556c50c9e8de78 -> 
  custom:audio-decoder-ogg-vorbis: bf7c407c2cedff20999df2af8eb42d56 -> 
  custom:audio-encoder-webm-vorbis: bf7c407c2cedff20999df2af8eb42d56 -> 
========================================================================
Received Import Request.
  path: Assets/Sprites/Characters/Player/Weapon
  artifactKey: Guid(eea88736479e9804487c9a4b477cb84c) Importer(815301076,1909f56bfc062723c751e8b465ee728b)
Start importing Assets/Sprites/Characters/Player/Weapon using Guid(eea88736479e9804487c9a4b477cb84c) Importer(815301076,1909f56bfc062723c751e8b465ee728b)  -> (artifact id: '7ec821e5844566cc38ae5cd36a20cd38') in 0.010045 seconds 
  Import took 0.013570 seconds .

========================================================================
Received Import Request.
  Time since last request: 26.134176 seconds.
  path: Assets/Sprites/Characters/Player/Amberely_Down.png
  artifactKey: Guid(2f9b52a1627a9924884151f53f2d2492) Importer(815301076,1909f56bfc062723c751e8b465ee728b)
Start importing Assets/Sprites/Characters/Player/Amberely_Down.png using Guid(2f9b52a1627a9924884151f53f2d2492) Importer(815301076,1909f56bfc062723c751e8b465ee728b)  -> (artifact id: 'df44b300b6d252056c1fef34d22c2b1f') in 0.102545 seconds 
  Import took 0.106594 seconds .

========================================================================
Received Import Request.
  Time since last request: 0.000568 seconds.
  path: Assets/Sprites/Characters/Player/Amberely_Walking.png
  artifactKey: Guid(62ebb26442408e3479ad3d0dfae95162) Importer(815301076,1909f56bfc062723c751e8b465ee728b)
Start importing Assets/Sprites/Characters/Player/Amberely_Walking.png using Guid(62ebb26442408e3479ad3d0dfae95162) Importer(815301076,1909f56bfc062723c751e8b465ee728b)  -> (artifact id: '98dbea533a581a4de5a99e5076ea4f27') in 0.016149 seconds 
  Import took 0.019392 seconds .

========================================================================
Received Import Request.
  Time since last request: 0.000376 seconds.
  path: Assets/Sprites/Characters/Player/Amberely_Fighting.png
  artifactKey: Guid(94b8848cb2afd8f44ac1c736a91e25bd) Importer(815301076,1909f56bfc062723c751e8b465ee728b)
Start importing Assets/Sprites/Characters/Player/Amberely_Fighting.png using Guid(94b8848cb2afd8f44ac1c736a91e25bd) Importer(815301076,1909f56bfc062723c751e8b465ee728b)  -> (artifact id: 'fe0447a2fc15b2469f243a98caede739') in 0.017984 seconds 
  Import took 0.021521 seconds .

========================================================================
Received Import Request.
  Time since last request: 3733.797841 seconds.
  path: Assets/Sprites/Characters/Player/Amberely_Down 1.png
  artifactKey: Guid(a5f905a313db20b46a47109542dc4e4a) Importer(815301076,1909f56bfc062723c751e8b465ee728b)
Start importing Assets/Sprites/Characters/Player/Amberely_Down 1.png using Guid(a5f905a313db20b46a47109542dc4e4a) Importer(815301076,1909f56bfc062723c751e8b465ee728b)  -> (artifact id: '1e937673b912388448eb01ebf029812b') in 0.191662 seconds 
  Import took 0.392996 seconds .

========================================================================
Received Import Request.
  Time since last request: 0.000513 seconds.
  path: Assets/Sprites/Characters/Player/Amberely_Fighting 1.png
  artifactKey: Guid(f48b6a70c3d46494db231aa6f3b43725) Importer(815301076,1909f56bfc062723c751e8b465ee728b)
Start importing Assets/Sprites/Characters/Player/Amberely_Fighting 1.png using Guid(f48b6a70c3d46494db231aa6f3b43725) Importer(815301076,1909f56bfc062723c751e8b465ee728b)  -> (artifact id: '88d62980b013dc2a60c3c7d90d533faf') in 0.022184 seconds 
  Import took 0.025794 seconds .

========================================================================
Received Import Request.
  Time since last request: 0.000338 seconds.
  path: Assets/Sprites/Characters/Player/Amberely_Walking 1.png
  artifactKey: Guid(61724ec48062900409aeafb42c2c78a1) Importer(815301076,1909f56bfc062723c751e8b465ee728b)
Start importing Assets/Sprites/Characters/Player/Amberely_Walking 1.png using Guid(61724ec48062900409aeafb42c2c78a1) Importer(815301076,1909f56bfc062723c751e8b465ee728b)  -> (artifact id: 'ff2e8819e73540c0d3c98bce99b7f0f1') in 0.018932 seconds 
  Import took 0.023202 seconds .

========================================================================
Received Import Request.
  Time since last request: 1664.268995 seconds.
  path: Assets/Sprites/Characters/Enemies/Monster.png
  artifactKey: Guid(75c3ade17841daf4ebfe9f78e4270b60) Importer(815301076,1909f56bfc062723c751e8b465ee728b)
Start importing Assets/Sprites/Characters/Enemies/Monster.png using Guid(75c3ade17841daf4ebfe9f78e4270b60) Importer(815301076,1909f56bfc062723c751e8b465ee728b)  -> (artifact id: 'fa608e6f762cca8cc05f4e54837958e7') in 0.032729 seconds 
  Import took 0.037702 seconds .

========================================================================
Received Import Request.
  Time since last request: 1198.335470 seconds.
  path: Assets/Sprites/Characters/Enemies/Plant
  artifactKey: Guid(85d0687cddeedd944867b4388dd0840c) Importer(815301076,1909f56bfc062723c751e8b465ee728b)
Start importing Assets/Sprites/Characters/Enemies/Plant using Guid(85d0687cddeedd944867b4388dd0840c) Importer(815301076,1909f56bfc062723c751e8b465ee728b)  -> (artifact id: '21861c4a7c2a5ead8716ccaac362473e') in 0.009211 seconds 
  Import took 0.014627 seconds .

========================================================================
Received Import Request.
  Time since last request: 0.998359 seconds.
  path: Assets/Sprites/Characters/Enemies/Plant/Attack (44x42).png
  artifactKey: Guid(99da4a9f650b37441962fc91e45c1679) Importer(815301076,1909f56bfc062723c751e8b465ee728b)
Start importing Assets/Sprites/Characters/Enemies/Plant/Attack (44x42).png using Guid(99da4a9f650b37441962fc91e45c1679) Importer(815301076,1909f56bfc062723c751e8b465ee728b)  -> (artifact id: '7667d5243bdd39920cfeadd212c96f35') in 0.038286 seconds 
  Import took 0.041826 seconds .

========================================================================
Received Import Request.
  Time since last request: 0.000286 seconds.
  path: Assets/Sprites/Characters/Enemies/Plant/Idle (44x42).png
  artifactKey: Guid(86b2efb360e1aff4686cbc704a983752) Importer(815301076,1909f56bfc062723c751e8b465ee728b)
Start importing Assets/Sprites/Characters/Enemies/Plant/Idle (44x42).png using Guid(86b2efb360e1aff4686cbc704a983752) Importer(815301076,1909f56bfc062723c751e8b465ee728b)  -> (artifact id: '69b1dea7f68caed3839028e23185df55') in 0.029129 seconds 
  Import took 0.032289 seconds .

========================================================================
Received Import Request.
  Time since last request: 0.000287 seconds.
  path: Assets/Sprites/Characters/Enemies/Plant/Bullet Pieces.png
  artifactKey: Guid(6233dda9c08d05045954a43e9121a18e) Importer(815301076,1909f56bfc062723c751e8b465ee728b)
Start importing Assets/Sprites/Characters/Enemies/Plant/Bullet Pieces.png using Guid(6233dda9c08d05045954a43e9121a18e) Importer(815301076,1909f56bfc062723c751e8b465ee728b)  -> (artifact id: '15e2a234abc6d4e3d8aafbe59fff50c9') in 0.023138 seconds 
  Import took 0.026786 seconds .

========================================================================
Received Import Request.
  Time since last request: 0.000302 seconds.
  path: Assets/Sprites/Characters/Enemies/Plant/Bullet.png
  artifactKey: Guid(5235ab387f2b88744b8bfa797f82b025) Importer(815301076,1909f56bfc062723c751e8b465ee728b)
Start importing Assets/Sprites/Characters/Enemies/Plant/Bullet.png using Guid(5235ab387f2b88744b8bfa797f82b025) Importer(815301076,1909f56bfc062723c751e8b465ee728b)  -> (artifact id: 'a5a847be4e5cb36bcc34525b73d8e092') in 0.019744 seconds 
  Import took 0.023074 seconds .

========================================================================
Received Import Request.
  Time since last request: 0.000349 seconds.
  path: Assets/Sprites/Characters/Enemies/Plant/Hit (44x42).png
  artifactKey: Guid(432d659602ebf0e45ab3ab3f5156091b) Importer(815301076,1909f56bfc062723c751e8b465ee728b)
Start importing Assets/Sprites/Characters/Enemies/Plant/Hit (44x42).png using Guid(432d659602ebf0e45ab3ab3f5156091b) Importer(815301076,1909f56bfc062723c751e8b465ee728b)  -> (artifact id: '859459309333ec071da3c58e7f4f30aa') in 0.020868 seconds 
  Import took 0.024709 seconds .

========================================================================
Received Import Request.
  Time since last request: 127.193821 seconds.
  path: Assets/Sprites/Characters/Enemies/Turtle
  artifactKey: Guid(305df705ca40f5b4aa2ede2a451af4e6) Importer(815301076,1909f56bfc062723c751e8b465ee728b)
Start importing Assets/Sprites/Characters/Enemies/Turtle using Guid(305df705ca40f5b4aa2ede2a451af4e6) Importer(815301076,1909f56bfc062723c751e8b465ee728b)  -> (artifact id: 'a2082116419309f6bbd07cb8901068a6') in 0.008181 seconds 
  Import took 0.012335 seconds .

========================================================================
Received Import Request.
  Time since last request: 6.206058 seconds.
  path: Assets/Sprites/Characters/Enemies/SpikeTrap
  artifactKey: Guid(305df705ca40f5b4aa2ede2a451af4e6) Importer(815301076,1909f56bfc062723c751e8b465ee728b)
Start importing Assets/Sprites/Characters/Enemies/SpikeTrap using Guid(305df705ca40f5b4aa2ede2a451af4e6) Importer(815301076,1909f56bfc062723c751e8b465ee728b)  -> (artifact id: '2651667df5b9d3cf2c88cbbef38d940f') in 0.009539 seconds 
  Import took 0.013702 seconds .

AssetImportWorkerClient::OnTransportError - code=2 error=End of file
